Using pre-set license
Built from '2020.3/release' branch; Version is '2020.3.7f1 (dd97f2c94397) revision 14522354'; Using compiler version '192528614'; Build Type 'Release'
OS: 'Windows 10 Home; OS build 19042.1052; Version 2009; 64bit' Language: 'pt' Physical Memory: 8040 MB
BatchMode: 1, IsHumanControllingUs: 0, StartBugReporterOnCrash: 0, Is64bit: 1, IsPro: 0

 COMMAND LINE ARGUMENTS:
D:\Unity\2020.3.7f1\Editor\Unity.exe
-adb2
-batchMode
-noUpm
-name
AssetImportWorker0
-projectPath
D:/Ambiente de Trabalho/Morpho
-logFile
Logs/AssetImportWorker0.log
-srvPort
61552
Successfully changed project path to: D:/Ambiente de Trabalho/Morpho
D:/Ambiente de Trabalho/Morpho
Using Asset Import Pipeline V2.
Refreshing native plugins compatible for Editor in 54.45 ms, found 0 plugins.
Preloading 0 native plugins for Editor in 0.00 ms.
Initialize engine version: 2020.3.7f1 (dd97f2c94397)
[Subsystems] Discovering subsystems at path D:/Unity/2020.3.7f1/Editor/Data/Resources/UnitySubsystems
[Subsystems] Discovering subsystems at path D:/Ambiente de Trabalho/Morpho/Assets
GfxDevice: creating device client; threaded=0
Direct3D:
    Version:  Direct3D 11.0 [level 11.0]
    Renderer: NVIDIA GeForce MX130 (ID=0x174d)
    Vendor:   
    VRAM:     2010 MB
    Driver:   27.21.14.6589
Shader 'Universal Render Pipeline/Particles/Lit': fallback shader 'Universal Render Pipeline/Particles/SimpleLit' not found
Initialize mono
Mono path[0] = 'D:/Unity/2020.3.7f1/Editor/Data/Managed'
Mono path[1] = 'D:/Unity/2020.3.7f1/Editor/Data/MonoBleedingEdge/lib/mono/unityjit'
Mono config path = 'D:/Unity/2020.3.7f1/Editor/Data/MonoBleedingEdge/etc'
Using monoOptions --debugger-agent=transport=dt_socket,embedding=1,server=y,suspend=n,address=127.0.0.1:56496
Begin MonoManager ReloadAssembly
Registering precompiled unity dll's ...
Register platform support module: D:/Unity/2020.3.7f1/Editor/Data/PlaybackEngines/WindowsStandaloneSupport/UnityEditor.WindowsStandalone.Extensions.dll
Registered in 0.001577 seconds.
Native extension for WindowsStandalone target not found
Refreshing native plugins compatible for Editor in 62.36 ms, found 0 plugins.
Preloading 0 native plugins for Editor in 0.00 ms.
Mono: successfully reloaded assembly
- Completed reload, in  2.212 seconds
Platform modules already initialized, skipping
Registering precompiled user dll's ...
Registered in 0.004306 seconds.
Begin MonoManager ReloadAssembly
Native extension for WindowsStandalone target not found
Refreshing native plugins compatible for Editor in 84.52 ms, found 0 plugins.
Preloading 0 native plugins for Editor in 0.00 ms.
Mono: successfully reloaded assembly
- Completed reload, in  2.110 seconds
Platform modules already initialized, skipping
========================================================================
Worker process is ready to serve import requests
Shader 'Universal Render Pipeline/Particles/Lit': fallback shader 'Universal Render Pipeline/Particles/SimpleLit' not found
Launched and connected shader compiler UnityShaderCompiler.exe after 0.28 seconds
Refreshing native plugins compatible for Editor in 0.52 ms, found 0 plugins.
Preloading 0 native plugins for Editor in 0.00 ms.
Unloading 2423 Unused Serialized files (Serialized files now loaded: 0)
System memory in use before: 114.4 MB.
System memory in use after: 114.6 MB.

Unloading 10 unused Assets to reduce memory usage. Loaded Objects now: 2866.
Total: 8.174700 ms (FindLiveObjects: 1.004000 ms CreateObjectMapping: 0.552200 ms MarkObjects: 6.227300 ms  DeleteObjects: 0.383200 ms)

========================================================================
Received Import Request.
  path: Assets/Restos/Readme.asset
  artifactKey: Guid(83c2ed844a8c74b779a4c823d16594b1) Importer(815301076,1909f56bfc062723c751e8b465ee728b)
Start importing Assets/Restos/Readme.asset using Guid(83c2ed844a8c74b779a4c823d16594b1) Importer(815301076,1909f56bfc062723c751e8b465ee728b)  -> (artifact id: 'f290ab852ba42d2033c9426f335cabab') in 0.953859 seconds
  Import took 0.961978 seconds .

========================================================================
Received Prepare
Registering precompiled user dll's ...
Registered in 0.004258 seconds.
Begin MonoManager ReloadAssembly
Native extension for WindowsStandalone target not found
Refreshing native plugins compatible for Editor in 1.06 ms, found 0 plugins.
Preloading 0 native plugins for Editor in 0.00 ms.
Mono: successfully reloaded assembly
- Completed reload, in  3.612 seconds
Platform modules already initialized, skipping
Shader 'Universal Render Pipeline/Particles/Lit': fallback shader 'Universal Render Pipeline/Particles/SimpleLit' not found
Refreshing native plugins compatible for Editor in 1.84 ms, found 0 plugins.
Preloading 0 native plugins for Editor in 0.00 ms.
Unloading 2314 Unused Serialized files (Serialized files now loaded: 0)
System memory in use before: 107.5 MB.
System memory in use after: 107.7 MB.

Unloading 5 unused Assets to reduce memory usage. Loaded Objects now: 2869.
Total: 12.612100 ms (FindLiveObjects: 1.962000 ms CreateObjectMapping: 1.953600 ms MarkObjects: 8.590900 ms  DeleteObjects: 0.096400 ms)

========================================================================
Received Import Request.
  Time since last request: 370.583553 seconds.
  path: ProjectSettings/TagManager.asset
  artifactKey: Guid(00000000000000003000000000000000) Importer(815301076,1909f56bfc062723c751e8b465ee728b)
Start importing ProjectSettings/TagManager.asset using Guid(00000000000000003000000000000000) Importer(815301076,1909f56bfc062723c751e8b465ee728b)  -> (artifact id: '0951abbb35ec76c868de093c57268def') in 0.023572 seconds
  Import took 0.092630 seconds .

========================================================================
Received Import Request.
  Time since last request: 0.030107 seconds.
  path: ProjectSettings/TagManager.asset
  artifactKey: Guid(00000000000000003000000000000000) Importer(815301076,1909f56bfc062723c751e8b465ee728b)
Start importing ProjectSettings/TagManager.asset using Guid(00000000000000003000000000000000) Importer(815301076,1909f56bfc062723c751e8b465ee728b)  -> (artifact id: '0951abbb35ec76c868de093c57268def') in 0.012304 seconds
  Import took 0.024126 seconds .

========================================================================
Received Import Request.
  Time since last request: 68.086483 seconds.
  path: Assets/New Material.mat
  artifactKey: Guid(19b4ed536561e0d46913f88e7e15fb9e) Importer(815301076,1909f56bfc062723c751e8b465ee728b)
Start importing Assets/New Material.mat using Guid(19b4ed536561e0d46913f88e7e15fb9e) Importer(815301076,1909f56bfc062723c751e8b465ee728b)  -> (artifact id: '16f48e42220167f0cde2351fccf4e766') in 1.468436 seconds
  Import took 1.499000 seconds .

========================================================================
Received Prepare
Registering precompiled user dll's ...
Registered in 0.002763 seconds.
Begin MonoManager ReloadAssembly
Native extension for WindowsStandalone target not found
Refreshing native plugins compatible for Editor in 0.74 ms, found 0 plugins.
Preloading 0 native plugins for Editor in 0.00 ms.
Mono: successfully reloaded assembly
- Completed reload, in  2.783 seconds
Platform modules already initialized, skipping
Shader 'Universal Render Pipeline/Particles/Lit': fallback shader 'Universal Render Pipeline/Particles/SimpleLit' not found
Refreshing native plugins compatible for Editor in 0.68 ms, found 0 plugins.
Preloading 0 native plugins for Editor in 0.00 ms.
Unloading 2314 Unused Serialized files (Serialized files now loaded: 0)
System memory in use before: 113.0 MB.
System memory in use after: 113.2 MB.

Unloading 7 unused Assets to reduce memory usage. Loaded Objects now: 2950.
Total: 6.694400 ms (FindLiveObjects: 0.635400 ms CreateObjectMapping: 0.360900 ms MarkObjects: 5.646900 ms  DeleteObjects: 0.047000 ms)

========================================================================
Received Prepare
Registering precompiled user dll's ...
Registered in 0.001653 seconds.
Begin MonoManager ReloadAssembly
Native extension for WindowsStandalone target not found
Refreshing native plugins compatible for Editor in 0.46 ms, found 0 plugins.
Preloading 0 native plugins for Editor in 0.00 ms.
Mono: successfully reloaded assembly
- Completed reload, in  2.354 seconds
Platform modules already initialized, skipping
Shader 'Universal Render Pipeline/Particles/Lit': fallback shader 'Universal Render Pipeline/Particles/SimpleLit' not found
Refreshing native plugins compatible for Editor in 0.81 ms, found 0 plugins.
Preloading 0 native plugins for Editor in 0.00 ms.
Unloading 2314 Unused Serialized files (Serialized files now loaded: 0)
System memory in use before: 113.0 MB.
System memory in use after: 113.2 MB.

Unloading 5 unused Assets to reduce memory usage. Loaded Objects now: 2953.
Total: 6.747000 ms (FindLiveObjects: 0.235700 ms CreateObjectMapping: 0.101200 ms MarkObjects: 6.351900 ms  DeleteObjects: 0.056400 ms)

========================================================================
Received Import Request.
  Time since last request: 399.470991 seconds.
  path: ProjectSettings/TagManager.asset
  artifactKey: Guid(00000000000000003000000000000000) Importer(815301076,1909f56bfc062723c751e8b465ee728b)
Start importing ProjectSettings/TagManager.asset using Guid(00000000000000003000000000000000) Importer(815301076,1909f56bfc062723c751e8b465ee728b)  -> (artifact id: 'a2e52656202ac123eb64a08a257e71d2') in 0.043851 seconds
  Import took 0.067080 seconds .

========================================================================
Received Import Request.
  Time since last request: 3.488549 seconds.
  path: Assets/Player Astronaut/Demo/Materials/Checker_Mat.mat
  artifactKey: Guid(1a9b0b77314a0e542801c540c9a5e669) Importer(815301076,1909f56bfc062723c751e8b465ee728b)
Start importing Assets/Player Astronaut/Demo/Materials/Checker_Mat.mat using Guid(1a9b0b77314a0e542801c540c9a5e669) Importer(815301076,1909f56bfc062723c751e8b465ee728b)  -> (artifact id: '0a2569867eae71de8b71c6eb66485b9c') in 0.751231 seconds
  Import took 0.759668 seconds .

========================================================================
Received Import Request.
  Time since last request: 0.000713 seconds.
  path: Packages/com.unity.searcher/Editor/Resources/FlatSkin/Font/Roboto-BoldItalic.ttf
  artifactKey: Guid(dfb97a9307a577a41bcacba34b9a7e32) Importer(815301076,1909f56bfc062723c751e8b465ee728b)
Start importing Packages/com.unity.searcher/Editor/Resources/FlatSkin/Font/Roboto-BoldItalic.ttf using Guid(dfb97a9307a577a41bcacba34b9a7e32) Importer(815301076,1909f56bfc062723c751e8b465ee728b)  -> (artifact id: '6b4f9fd73c371a2dbc610261e531cb3f') in 0.564233 seconds
  Import took 0.618068 seconds .

========================================================================
Received Import Request.
  Time since last request: 0.000811 seconds.
  path: Packages/com.unity.searcher/Editor/Resources/FlatSkin/Font/Roboto-Thin.ttf
  artifactKey: Guid(19a9abb883540be48b75b951a927ae03) Importer(815301076,1909f56bfc062723c751e8b465ee728b)
Start importing Packages/com.unity.searcher/Editor/Resources/FlatSkin/Font/Roboto-Thin.ttf using Guid(19a9abb883540be48b75b951a927ae03) Importer(815301076,1909f56bfc062723c751e8b465ee728b)  -> (artifact id: 'b2eed22b3f979ff4f630ef1c8ce00e2d') in 0.046722 seconds
  Import took 0.109345 seconds .

========================================================================
Received Import Request.
  Time since last request: 0.001146 seconds.
  path: Assets/Player Astronaut/Character/Materials/Grey_Mat.mat
  artifactKey: Guid(bd5105e1f39844b4daded70961d0174f) Importer(815301076,1909f56bfc062723c751e8b465ee728b)
Start importing Assets/Player Astronaut/Character/Materials/Grey_Mat.mat using Guid(bd5105e1f39844b4daded70961d0174f) Importer(815301076,1909f56bfc062723c751e8b465ee728b)  -> (artifact id: 'ae77cc4af007a4de572be3c492e69f6e') in 0.056969 seconds
  Import took 0.094166 seconds .

========================================================================
Received Import Request.
  Time since last request: 0.000554 seconds.
  path: Packages/com.unity.searcher/Editor/Resources/FlatSkin/Font/Roboto-BlackItalic.ttf
  artifactKey: Guid(f95147a9bab9fe649b8070170fa7ebd2) Importer(815301076,1909f56bfc062723c751e8b465ee728b)
Start importing Packages/com.unity.searcher/Editor/Resources/FlatSkin/Font/Roboto-BlackItalic.ttf using Guid(f95147a9bab9fe649b8070170fa7ebd2) Importer(815301076,1909f56bfc062723c751e8b465ee728b)  -> (artifact id: 'b1382d4ebeef106633f7a909e68dfb09') in 0.044804 seconds
  Import took 0.051796 seconds .

========================================================================
Received Import Request.
  Time since last request: 0.000647 seconds.
  path: Packages/com.unity.render-pipelines.universal/Runtime/Materials/ParticlesUnlit.mat
  artifactKey: Guid(e823cd5b5d27c0f4b8256e7c12ee3e6d) Importer(815301076,1909f56bfc062723c751e8b465ee728b)
Start importing Packages/com.unity.render-pipelines.universal/Runtime/Materials/ParticlesUnlit.mat using Guid(e823cd5b5d27c0f4b8256e7c12ee3e6d) Importer(815301076,1909f56bfc062723c751e8b465ee728b)  -> (artifact id: '99319a0a1421d639af0326cdf90ebd52') in 0.037102 seconds
  Import took 0.066409 seconds .

========================================================================
Received Import Request.
  Time since last request: 0.001880 seconds.
  path: Assets/Player Astronaut/Character/Materials/Yellow_Mat.mat
  artifactKey: Guid(d2c8f925eb40c4748811efdd803f25c6) Importer(815301076,1909f56bfc062723c751e8b465ee728b)
Start importing Assets/Player Astronaut/Character/Materials/Yellow_Mat.mat using Guid(d2c8f925eb40c4748811efdd803f25c6) Importer(815301076,1909f56bfc062723c751e8b465ee728b)  -> (artifact id: '6fc5e1e9b00e01cd2776538fcb090f66') in 0.060447 seconds
  Import took 0.105096 seconds .

========================================================================
Received Import Request.
  Time since last request: 0.001398 seconds.
  path: Packages/com.unity.searcher/Editor/Resources/FlatSkin/Font/Roboto-MediumItalic.ttf
  artifactKey: Guid(d93c1bc57fdf1ac4dad1bf04fac05464) Importer(815301076,1909f56bfc062723c751e8b465ee728b)
Start importing Packages/com.unity.searcher/Editor/Resources/FlatSkin/Font/Roboto-MediumItalic.ttf using Guid(d93c1bc57fdf1ac4dad1bf04fac05464) Importer(815301076,1909f56bfc062723c751e8b465ee728b)  -> (artifact id: '524912c1149a92b9b30339918c7e87a4') in 0.078723 seconds
  Import took 0.127285 seconds .

========================================================================
Received Import Request.
  Time since last request: 0.001503 seconds.
  path: Packages/com.unity.render-pipelines.universal/Runtime/Materials/TerrainLit.mat
  artifactKey: Guid(594ea882c5a793440b60ff72d896021e) Importer(815301076,1909f56bfc062723c751e8b465ee728b)
Start importing Packages/com.unity.render-pipelines.universal/Runtime/Materials/TerrainLit.mat using Guid(594ea882c5a793440b60ff72d896021e) Importer(815301076,1909f56bfc062723c751e8b465ee728b)  -> (artifact id: 'cecd59ad1f4fab5f915b346b8fc81bb8') in 1.541177 seconds
  Import took 1.656686 seconds .

========================================================================
Received Import Request.
  Time since last request: 0.000546 seconds.
  path: Packages/com.unity.searcher/Editor/Resources/FlatSkin/Font/Roboto-Bold.ttf
  artifactKey: Guid(3750c318f40cab44a97d3a81beaefeb3) Importer(815301076,1909f56bfc062723c751e8b465ee728b)
Start importing Packages/com.unity.searcher/Editor/Resources/FlatSkin/Font/Roboto-Bold.ttf using Guid(3750c318f40cab44a97d3a81beaefeb3) Importer(815301076,1909f56bfc062723c751e8b465ee728b)  -> (artifact id: '84a5f78eef408900c82e701590349021') in 0.044119 seconds
  Import took 0.091589 seconds .

========================================================================
Received Import Request.
  Time since last request: 0.000716 seconds.
  path: Packages/com.unity.render-pipelines.universal/Runtime/Materials/Sprite-Unlit-Default.mat
  artifactKey: Guid(9dfc825aed78fcd4ba02077103263b40) Importer(815301076,1909f56bfc062723c751e8b465ee728b)
Start importing Packages/com.unity.render-pipelines.universal/Runtime/Materials/Sprite-Unlit-Default.mat using Guid(9dfc825aed78fcd4ba02077103263b40) Importer(815301076,1909f56bfc062723c751e8b465ee728b)  -> (artifact id: 'ccdbdaaceb585318137dd202cbe52944') in 0.162355 seconds
  Import took 0.239604 seconds .

========================================================================
Received Import Request.
  Time since last request: 0.002815 seconds.
  path: Assets/Player Astronaut/Character/Materials/Player_Helm.mat
  artifactKey: Guid(733f753f1a69551488f2118c29e60b69) Importer(815301076,1909f56bfc062723c751e8b465ee728b)
Start importing Assets/Player Astronaut/Character/Materials/Player_Helm.mat using Guid(733f753f1a69551488f2118c29e60b69) Importer(815301076,1909f56bfc062723c751e8b465ee728b)  -> (artifact id: 'dff8c02e634e4163ee803a6931483806') in 0.038414 seconds
  Import took 0.067297 seconds .

========================================================================
Received Import Request.
  Time since last request: 0.000783 seconds.
  path: Assets/Player Astronaut/Character/Materials/Player_Grey.mat
  artifactKey: Guid(aea55695b25ee1740b137763ff078bce) Importer(815301076,1909f56bfc062723c751e8b465ee728b)
Start importing Assets/Player Astronaut/Character/Materials/Player_Grey.mat using Guid(aea55695b25ee1740b137763ff078bce) Importer(815301076,1909f56bfc062723c751e8b465ee728b)  -> (artifact id: '470184422dc9be623881ff4fd6f1a39b') in 0.047593 seconds
  Import took 0.059226 seconds .

========================================================================
Received Import Request.
  Time since last request: 0.000842 seconds.
  path: Assets/Player Astronaut/Demo/Materials/Materials/Checker_Tex.mat
  artifactKey: Guid(d9a71290bbfc9ea49a67a0390c6d34c7) Importer(815301076,1909f56bfc062723c751e8b465ee728b)
Start importing Assets/Player Astronaut/Demo/Materials/Materials/Checker_Tex.mat using Guid(d9a71290bbfc9ea49a67a0390c6d34c7) Importer(815301076,1909f56bfc062723c751e8b465ee728b)  -> (artifact id: '0b2eb5204dcbe59970761d4e19c16938') in 0.046420 seconds
  Import took 0.058680 seconds .

========================================================================
Received Import Request.
  Time since last request: 0.000582 seconds.
  path: Packages/com.unity.searcher/Editor/Resources/FlatSkin/Font/Roboto-Italic.ttf
  artifactKey: Guid(c839255fc8f6b4b4d90bf8c1af9f9bd1) Importer(815301076,1909f56bfc062723c751e8b465ee728b)
Start importing Packages/com.unity.searcher/Editor/Resources/FlatSkin/Font/Roboto-Italic.ttf using Guid(c839255fc8f6b4b4d90bf8c1af9f9bd1) Importer(815301076,1909f56bfc062723c751e8b465ee728b)  -> (artifact id: '144cea402493b692a2b432bb9f1b0542') in 0.079122 seconds
  Import took 0.084866 seconds .

========================================================================
Received Import Request.
  Time since last request: 0.000593 seconds.
  path: Packages/com.unity.searcher/Editor/Resources/FlatSkin/Font/Roboto-ThinItalic.ttf
  artifactKey: Guid(b2ea3b3f1765e544b9eb5bd1a93a91ce) Importer(815301076,1909f56bfc062723c751e8b465ee728b)
Start importing Packages/com.unity.searcher/Editor/Resources/FlatSkin/Font/Roboto-ThinItalic.ttf using Guid(b2ea3b3f1765e544b9eb5bd1a93a91ce) Importer(815301076,1909f56bfc062723c751e8b465ee728b)  -> (artifact id: '917b50610e683f48bd400256fc8836f5') in 0.072614 seconds
  Import took 0.088099 seconds .

========================================================================
Received Import Request.
  Time since last request: 0.001821 seconds.
  path: Packages/com.unity.render-pipelines.universal/Runtime/Materials/SimpleLit.mat
  artifactKey: Guid(6a1143ee683302f4aa628c052723efc1) Importer(815301076,1909f56bfc062723c751e8b465ee728b)
Start importing Packages/com.unity.render-pipelines.universal/Runtime/Materials/SimpleLit.mat using Guid(6a1143ee683302f4aa628c052723efc1) Importer(815301076,1909f56bfc062723c751e8b465ee728b)  -> (artifact id: '4adc4235638ec3fc05e175a7541c141c') in 1.253398 seconds
  Import took 1.289875 seconds .

========================================================================
Received Import Request.
  Time since last request: 0.001576 seconds.
  path: Assets/Little Chick/Materials/Mega Toon Chick.mat
  artifactKey: Guid(97c0b6c1a6ec7734c93742ce798b8718) Importer(815301076,1909f56bfc062723c751e8b465ee728b)
Start importing Assets/Little Chick/Materials/Mega Toon Chick.mat using Guid(97c0b6c1a6ec7734c93742ce798b8718) Importer(815301076,1909f56bfc062723c751e8b465ee728b)  -> (artifact id: 'ae8cacb995378790d9a60b98068a588f') in 0.048817 seconds
  Import took 0.063861 seconds .

========================================================================
Received Import Request.
  Time since last request: 0.001548 seconds.
  path: Packages/com.unity.searcher/Editor/Resources/FlatSkin/Font/Roboto-Black.ttf
  artifactKey: Guid(1062c701058745940ae5dca6219c64c8) Importer(815301076,1909f56bfc062723c751e8b465ee728b)
Start importing Packages/com.unity.searcher/Editor/Resources/FlatSkin/Font/Roboto-Black.ttf using Guid(1062c701058745940ae5dca6219c64c8) Importer(815301076,1909f56bfc062723c751e8b465ee728b)  -> (artifact id: 'f86bbdc6d46c8057aca3f5b8c724f1e5') in 0.041723 seconds
  Import took 0.054230 seconds .

========================================================================
Received Import Request.
  Time since last request: 0.001104 seconds.
  path: Assets/Materials/Skybox_Mat.mat
  artifactKey: Guid(0ffaa0b7117ba8c47a9d05ae701d4b4d) Importer(815301076,1909f56bfc062723c751e8b465ee728b)
Start importing Assets/Materials/Skybox_Mat.mat using Guid(0ffaa0b7117ba8c47a9d05ae701d4b4d) Importer(815301076,1909f56bfc062723c751e8b465ee728b)  -> (artifact id: '31241dc0e49d5dbb6e009769f133ce56') in 0.031670 seconds
  Import took 0.061491 seconds .

========================================================================
Received Import Request.
  Time since last request: 0.000858 seconds.
  path: Assets/Little Chick/Materials/Ground.mat
  artifactKey: Guid(79eb7fc9df7c0564bb6105e1719991a2) Importer(815301076,1909f56bfc062723c751e8b465ee728b)
Start importing Assets/Little Chick/Materials/Ground.mat using Guid(79eb7fc9df7c0564bb6105e1719991a2) Importer(815301076,1909f56bfc062723c751e8b465ee728b)  -> (artifact id: '6af41946ea9a1a8c53254235d37068a6') in 0.314691 seconds
  Import took 0.327066 seconds .

========================================================================
Received Import Request.
  Time since last request: 0.000760 seconds.
  path: Assets/Player Astronaut/Character/Materials/Player_White.mat
  artifactKey: Guid(a394e24f678bc754895eae09df54d310) Importer(815301076,1909f56bfc062723c751e8b465ee728b)
Start importing Assets/Player Astronaut/Character/Materials/Player_White.mat using Guid(a394e24f678bc754895eae09df54d310) Importer(815301076,1909f56bfc062723c751e8b465ee728b)  -> (artifact id: '4bd587e592a7a8d19aa83ab30f215891') in 0.017662 seconds
  Import took 0.038078 seconds .

========================================================================
Received Import Request.
  Time since last request: 0.000800 seconds.
  path: Packages/com.unity.searcher/Editor/Resources/FlatSkin/Font/Roboto-Regular.ttf
  artifactKey: Guid(30dc370b164eefc43b95744fc796dad0) Importer(815301076,1909f56bfc062723c751e8b465ee728b)
Start importing Packages/com.unity.searcher/Editor/Resources/FlatSkin/Font/Roboto-Regular.ttf using Guid(30dc370b164eefc43b95744fc796dad0) Importer(815301076,1909f56bfc062723c751e8b465ee728b)  -> (artifact id: 'cec314142226a96e71222b5efee1df9a') in 0.171468 seconds
  Import took 0.181747 seconds .

========================================================================
Received Import Request.
  Time since last request: 0.000632 seconds.
  path: Assets/Materials/New Material.mat
  artifactKey: Guid(6559d17368684104398a42b64e5a8d6a) Importer(815301076,1909f56bfc062723c751e8b465ee728b)
Start importing Assets/Materials/New Material.mat using Guid(6559d17368684104398a42b64e5a8d6a) Importer(815301076,1909f56bfc062723c751e8b465ee728b)  -> (artifact id: '138edfcf9f14e5c26e9ed0c8bee184c8') in 0.033128 seconds
  Import took 0.114596 seconds .

========================================================================
Received Import Request.
  Time since last request: 0.000768 seconds.
  path: Packages/com.unity.render-pipelines.universal/Runtime/Materials/Sprite-Lit-Default.mat
  artifactKey: Guid(a97c105638bdf8b4a8650670310a4cd3) Importer(815301076,1909f56bfc062723c751e8b465ee728b)
Start importing Packages/com.unity.render-pipelines.universal/Runtime/Materials/Sprite-Lit-Default.mat using Guid(a97c105638bdf8b4a8650670310a4cd3) Importer(815301076,1909f56bfc062723c751e8b465ee728b)  -> (artifact id: '3475f71cd2b98689905db6bbc19d48bd') in 0.043994 seconds
  Import took 0.061887 seconds .

========================================================================
Received Import Request.
  Time since last request: 0.002677 seconds.
  path: Assets/New Material.mat
  artifactKey: Guid(19b4ed536561e0d46913f88e7e15fb9e) Importer(815301076,1909f56bfc062723c751e8b465ee728b)
Start importing Assets/New Material.mat using Guid(19b4ed536561e0d46913f88e7e15fb9e) Importer(815301076,1909f56bfc062723c751e8b465ee728b)  -> (artifact id: '7826d332101bf04d97e1a0f5c1bdca30') in 0.012974 seconds
  Import took 0.089947 seconds .

========================================================================
Received Import Request.
  Time since last request: 0.000724 seconds.
  path: Packages/com.unity.render-pipelines.universal/Runtime/Materials/Lit.mat
  artifactKey: Guid(31321ba15b8f8eb4c954353edc038b1d) Importer(815301076,1909f56bfc062723c751e8b465ee728b)
Start importing Packages/com.unity.render-pipelines.universal/Runtime/Materials/Lit.mat using Guid(31321ba15b8f8eb4c954353edc038b1d) Importer(815301076,1909f56bfc062723c751e8b465ee728b)  -> (artifact id: '2e567af8548be8b4c4046e1b9a4946c6') in 0.023748 seconds
  Import took 0.030413 seconds .

========================================================================
Received Import Request.
  Time since last request: 0.000513 seconds.
  path: Assets/Player Astronaut/Character/Materials/White_Mat.mat
  artifactKey: Guid(06eb4e637b7ef614e9265f48c542664b) Importer(815301076,1909f56bfc062723c751e8b465ee728b)
Start importing Assets/Player Astronaut/Character/Materials/White_Mat.mat using Guid(06eb4e637b7ef614e9265f48c542664b) Importer(815301076,1909f56bfc062723c751e8b465ee728b)  -> (artifact id: '67ae107a93acf48304f9a33affc98a4d') in 0.053796 seconds
  Import took 0.107041 seconds .

========================================================================
Received Import Request.
  Time since last request: 0.001332 seconds.
  path: Packages/com.unity.searcher/Editor/Resources/FlatSkin/Font/Roboto-Medium.ttf
  artifactKey: Guid(a51a3aebb43ac044989270407476b208) Importer(815301076,1909f56bfc062723c751e8b465ee728b)
Start importing Packages/com.unity.searcher/Editor/Resources/FlatSkin/Font/Roboto-Medium.ttf using Guid(a51a3aebb43ac044989270407476b208) Importer(815301076,1909f56bfc062723c751e8b465ee728b)  -> (artifact id: 'a2077d5a7b0ed8bb35fa4f0e19bbdbed') in 0.104381 seconds
  Import took 0.159375 seconds .

========================================================================
Received Import Request.
  Time since last request: 0.002772 seconds.
  path: Packages/com.unity.render-pipelines.core/Runtime/Debugging/Prefabs/Fonts/Perfect DOS VGA 437.ttf
  artifactKey: Guid(74a5091d8707f334b9a5c31ef71a64ba) Importer(815301076,1909f56bfc062723c751e8b465ee728b)
Start importing Packages/com.unity.render-pipelines.core/Runtime/Debugging/Prefabs/Fonts/Perfect DOS VGA 437.ttf using Guid(74a5091d8707f334b9a5c31ef71a64ba) Importer(815301076,1909f56bfc062723c751e8b465ee728b)  -> (artifact id: '3e248c9d3591db5ce67c3205e891e7b2') in 0.097652 seconds
  Import took 0.115895 seconds .

========================================================================
Received Import Request.
  Time since last request: 0.001506 seconds.
  path: Packages/com.unity.searcher/Editor/Resources/FlatSkin/Font/Roboto-Light.ttf
  artifactKey: Guid(2a29e27936eb547458f646f71125b264) Importer(815301076,1909f56bfc062723c751e8b465ee728b)
Start importing Packages/com.unity.searcher/Editor/Resources/FlatSkin/Font/Roboto-Light.ttf using Guid(2a29e27936eb547458f646f71125b264) Importer(815301076,1909f56bfc062723c751e8b465ee728b)  -> (artifact id: '7444c08ab07562a06a0e1590534d32d1') in 0.078412 seconds
  Import took 0.150131 seconds .

========================================================================
Received Import Request.
  Time since last request: 0.002760 seconds.
  path: Packages/com.unity.searcher/Editor/Resources/FlatSkin/Font/Roboto-LightItalic.ttf
  artifactKey: Guid(5e63515167650a541b309ba3bfd4db3d) Importer(815301076,1909f56bfc062723c751e8b465ee728b)
Start importing Packages/com.unity.searcher/Editor/Resources/FlatSkin/Font/Roboto-LightItalic.ttf using Guid(5e63515167650a541b309ba3bfd4db3d) Importer(815301076,1909f56bfc062723c751e8b465ee728b)  -> (artifact id: '53fee59cdcadb4a2262cc32f99d1e491') in 0.068847 seconds
  Import took 0.090857 seconds .

========================================================================
Received Import Request.
  Time since last request: 0.001353 seconds.
  path: Assets/Little Chick/Materials/Grass.mat
  artifactKey: Guid(15e5d9495ecb4dc488bb03aeec3313cf) Importer(815301076,1909f56bfc062723c751e8b465ee728b)
Start importing Assets/Little Chick/Materials/Grass.mat using Guid(15e5d9495ecb4dc488bb03aeec3313cf) Importer(815301076,1909f56bfc062723c751e8b465ee728b)  -> (artifact id: '52c7d4a0046dce782d0a0d3a2bf9812e') in 0.049814 seconds
  Import took 0.064998 seconds .

========================================================================
Received Prepare
Registering precompiled user dll's ...
Registered in 0.001613 seconds.
Begin MonoManager ReloadAssembly
Native extension for WindowsStandalone target not found
Refreshing native plugins compatible for Editor in 0.80 ms, found 0 plugins.
Preloading 0 native plugins for Editor in 0.00 ms.
Mono: successfully reloaded assembly
- Completed reload, in  1.548 seconds
Platform modules already initialized, skipping
Shader 'Universal Render Pipeline/Particles/Lit': fallback shader 'Universal Render Pipeline/Particles/SimpleLit' not found
Refreshing native plugins compatible for Editor in 0.55 ms, found 0 plugins.
Preloading 0 native plugins for Editor in 0.00 ms.
Unloading 2314 Unused Serialized files (Serialized files now loaded: 0)
System memory in use before: 113.4 MB.
System memory in use after: 113.6 MB.

Unloading 7 unused Assets to reduce memory usage. Loaded Objects now: 2996.
Total: 7.272300 ms (FindLiveObjects: 0.394800 ms CreateObjectMapping: 0.273000 ms MarkObjects: 6.535400 ms  DeleteObjects: 0.058800 ms)

========================================================================
Received Prepare
Registering precompiled user dll's ...
Registered in 0.002813 seconds.
Begin MonoManager ReloadAssembly
Native extension for WindowsStandalone target not found
Refreshing native plugins compatible for Editor in 1.14 ms, found 0 plugins.
Preloading 0 native plugins for Editor in 0.00 ms.
Mono: successfully reloaded assembly
- Completed reload, in  3.007 seconds
Platform modules already initialized, skipping
Shader 'Universal Render Pipeline/Particles/Lit': fallback shader 'Universal Render Pipeline/Particles/SimpleLit' not found
Refreshing native plugins compatible for Editor in 0.79 ms, found 0 plugins.
Preloading 0 native plugins for Editor in 0.00 ms.
Unloading 2314 Unused Serialized files (Serialized files now loaded: 0)
System memory in use before: 113.3 MB.
System memory in use after: 113.5 MB.

Unloading 5 unused Assets to reduce memory usage. Loaded Objects now: 2999.
Total: 10.324600 ms (FindLiveObjects: 0.762400 ms CreateObjectMapping: 0.317400 ms MarkObjects: 9.186200 ms  DeleteObjects: 0.054100 ms)

========================================================================
Received Prepare
Registering precompiled user dll's ...
Registered in 0.002472 seconds.
Begin MonoManager ReloadAssembly
Native extension for WindowsStandalone target not found
Refreshing native plugins compatible for Editor in 0.45 ms, found 0 plugins.
Preloading 0 native plugins for Editor in 0.00 ms.
Mono: successfully reloaded assembly
- Completed reload, in  2.021 seconds
Platform modules already initialized, skipping
Shader 'Universal Render Pipeline/Particles/Lit': fallback shader 'Universal Render Pipeline/Particles/SimpleLit' not found
Refreshing native plugins compatible for Editor in 0.97 ms, found 0 plugins.
Preloading 0 native plugins for Editor in 0.00 ms.
Unloading 2314 Unused Serialized files (Serialized files now loaded: 0)
System memory in use before: 113.4 MB.
System memory in use after: 113.6 MB.

Unloading 5 unused Assets to reduce memory usage. Loaded Objects now: 3002.
Total: 11.152100 ms (FindLiveObjects: 2.299700 ms CreateObjectMapping: 1.217900 ms MarkObjects: 7.598400 ms  DeleteObjects: 0.034000 ms)

========================================================================
Received Prepare
Registering precompiled user dll's ...
Registered in 0.002631 seconds.
Begin MonoManager ReloadAssembly
Native extension for WindowsStandalone target not found
Refreshing native plugins compatible for Editor in 0.51 ms, found 0 plugins.
Preloading 0 native plugins for Editor in 0.00 ms.
Mono: successfully reloaded assembly
- Completed reload, in  1.719 seconds
Platform modules already initialized, skipping
Shader 'Universal Render Pipeline/Particles/Lit': fallback shader 'Universal Render Pipeline/Particles/SimpleLit' not found
Refreshing native plugins compatible for Editor in 0.61 ms, found 0 plugins.
Preloading 0 native plugins for Editor in 0.00 ms.
Unloading 2314 Unused Serialized files (Serialized files now loaded: 0)
System memory in use before: 113.4 MB.
System memory in use after: 113.6 MB.

Unloading 5 unused Assets to reduce memory usage. Loaded Objects now: 3005.
Total: 6.232100 ms (FindLiveObjects: 0.865100 ms CreateObjectMapping: 0.310400 ms MarkObjects: 5.023100 ms  DeleteObjects: 0.029100 ms)

========================================================================
Received Prepare
Registering precompiled user dll's ...
Registered in 0.001907 seconds.
Begin MonoManager ReloadAssembly
Native extension for WindowsStandalone target not found
Refreshing native plugins compatible for Editor in 0.54 ms, found 0 plugins.
Preloading 0 native plugins for Editor in 0.00 ms.
Mono: successfully reloaded assembly
- Completed reload, in  1.760 seconds
Platform modules already initialized, skipping
Shader 'Universal Render Pipeline/Particles/Lit': fallback shader 'Universal Render Pipeline/Particles/SimpleLit' not found
Refreshing native plugins compatible for Editor in 0.54 ms, found 0 plugins.
Preloading 0 native plugins for Editor in 0.00 ms.
Unloading 2314 Unused Serialized files (Serialized files now loaded: 0)
System memory in use before: 113.4 MB.
System memory in use after: 113.6 MB.

Unloading 5 unused Assets to reduce memory usage. Loaded Objects now: 3008.
Total: 7.746500 ms (FindLiveObjects: 0.436800 ms CreateObjectMapping: 0.389700 ms MarkObjects: 6.857500 ms  DeleteObjects: 0.059900 ms)

========================================================================
Received Prepare
Registering precompiled user dll's ...
Registered in 0.002263 seconds.
Begin MonoManager ReloadAssembly
Native extension for WindowsStandalone target not found
Refreshing native plugins compatible for Editor in 1.36 ms, found 0 plugins.
Preloading 0 native plugins for Editor in 0.00 ms.
Mono: successfully reloaded assembly
- Completed reload, in  2.067 seconds
Platform modules already initialized, skipping
Shader 'Universal Render Pipeline/Particles/Lit': fallback shader 'Universal Render Pipeline/Particles/SimpleLit' not found
Refreshing native plugins compatible for Editor in 0.45 ms, found 0 plugins.
Preloading 0 native plugins for Editor in 0.00 ms.
Unloading 2314 Unused Serialized files (Serialized files now loaded: 0)
System memory in use before: 113.4 MB.
System memory in use after: 113.6 MB.

Unloading 5 unused Assets to reduce memory usage. Loaded Objects now: 3011.
Total: 3.578800 ms (FindLiveObjects: 0.471500 ms CreateObjectMapping: 0.204700 ms MarkObjects: 2.879100 ms  DeleteObjects: 0.021000 ms)

========================================================================
Received Prepare
Registering precompiled user dll's ...
Registered in 0.007134 seconds.
Begin MonoManager ReloadAssembly
Native extension for WindowsStandalone target not found
Refreshing native plugins compatible for Editor in 0.58 ms, found 0 plugins.
Preloading 0 native plugins for Editor in 0.00 ms.
Mono: successfully reloaded assembly
- Completed reload, in  2.109 seconds
Platform modules already initialized, skipping
Shader 'Universal Render Pipeline/Particles/Lit': fallback shader 'Universal Render Pipeline/Particles/SimpleLit' not found
Refreshing native plugins compatible for Editor in 1.00 ms, found 0 plugins.
Preloading 0 native plugins for Editor in 0.00 ms.
Unloading 2314 Unused Serialized files (Serialized files now loaded: 0)
System memory in use before: 113.3 MB.
System memory in use after: 113.6 MB.

Unloading 5 unused Assets to reduce memory usage. Loaded Objects now: 3014.
Total: 7.645700 ms (FindLiveObjects: 0.628000 ms CreateObjectMapping: 1.626100 ms MarkObjects: 5.355900 ms  DeleteObjects: 0.033300 ms)

AssetImportWorkerClient::OnTransportError - code=2 error=End of file
